{
  "RSpec": {
    "coverage": {
      "C:/Users/Zeus/Desktop/ROR PROJECTS/SANGAM-API/app/channels/presence_channel.rb": {
        "lines": [
          1,
          1,
          2,
          null,
          null,
          2,
          null,
          null,
          null,
          1,
          1,
          null,
          null,
          1,
          null,
          null,
          0,
          0,
          null,
          null,
          null,
          null,
          null,
          null,
          null,
          null,
          0,
          null,
          null
        ]
      },
      "C:/Users/Zeus/Desktop/ROR PROJECTS/SANGAM-API/app/channels/application_cable/channel.rb": {
        "lines": [
          1,
          1,
          null,
          null
        ]
      },
      "C:/Users/Zeus/Desktop/ROR PROJECTS/SANGAM-API/app/channels/notification_channel.rb": {
        "lines": [
          1,
          1,
          2,
          null,
          null,
          1,
          0,
          null,
          null,
          null,
          1,
          1,
          1,
          null,
          1,
          null,
          null,
          null,
          1,
          0,
          0,
          null,
          null,
          1,
          null,
          1,
          1,
          1,
          null,
          null,
          null,
          null,
          null
        ]
      },
      "C:/Users/Zeus/Desktop/ROR PROJECTS/SANGAM-API/app/jobs/publish_scheduled_post_job.rb": {
        "lines": [
          null,
          null,
          1,
          1,
          null,
          1,
          null,
          1,
          2,
          2,
          2,
          null,
          1,
          1,
          null,
          null
        ]
      },
      "C:/Users/Zeus/Desktop/ROR PROJECTS/SANGAM-API/app/jobs/application_job.rb": {
        "lines": [
          1,
          null,
          null,
          null,
          null,
          null,
          null
        ]
      },
      "C:/Users/Zeus/Desktop/ROR PROJECTS/SANGAM-API/app/jobs/archive_expired_stories_job.rb": {
        "lines": [
          null,
          1,
          1,
          null,
          1,
          1,
          1,
          1,
          null,
          null
        ]
      },
      "C:/Users/Zeus/Desktop/ROR PROJECTS/SANGAM-API/app/jobs/sweep_stale_presence_job.rb": {
        "lines": [
          null,
          null,
          1,
          1,
          null,
          null,
          1,
          null,
          1,
          1,
          null,
          null,
          1,
          1,
          null,
          1,
          null,
          null,
          null,
          null,
          null,
          null,
          null,
          null,
          null,
          null,
          1,
          null,
          null
        ]
      },
      "C:/Users/Zeus/Desktop/ROR PROJECTS/SANGAM-API/app/mailers/otp_mailer.rb": {
        "lines": [
          1,
          1,
          7,
          7,
          7,
          null,
          null,
          null,
          null,
          null
        ]
      },
      "C:/Users/Zeus/Desktop/ROR PROJECTS/SANGAM-API/app/mailers/application_mailer.rb": {
        "lines": [
          1,
          1,
          1,
          null
        ]
      },
      "C:/Users/Zeus/Desktop/ROR PROJECTS/SANGAM-API/app/mailers/notification_mailer.rb": {
        "lines": [
          1,
          null,
          1,
          0,
          0,
          0,
          0,
          null,
          null,
          null,
          0,
          null,
          0,
          null,
          null,
          0,
          null,
          null,
          null,
          null,
          null,
          null,
          1,
          1,
          1,
          null,
          null,
          null,
          null,
          null,
          null,
          1,
          0,
          0,
          null,
          null,
          null,
          null,
          null
        ]
      },
      "C:/Users/Zeus/Desktop/ROR PROJECTS/SANGAM-API/app/models/article.rb": {
        "lines": [
          1,
          1,
          null,
          1,
          1,
          null,
          1,
          1,
          null,
          1,
          1,
          null
        ]
      },
      "C:/Users/Zeus/Desktop/ROR PROJECTS/SANGAM-API/app/models/application_record.rb": {
        "lines": [
          1,
          1,
          null
        ]
      },
      "C:/Users/Zeus/Desktop/ROR PROJECTS/SANGAM-API/app/models/bookmark_collection.rb": {
        "lines": [
          1,
          1,
          1,
          null,
          1,
          1,
          null,
          1,
          null,
          1,
          null,
          1,
          0,
          0,
          null,
          null,
          null,
          1,
          0,
          0,
          0,
          0,
          null,
          0,
          0,
          0,
          0,
          null,
          null,
          0,
          0,
          null,
          null,
          null,
          null,
          1,
          0,
          null,
          null
        ]
      },
      "C:/Users/Zeus/Desktop/ROR PROJECTS/SANGAM-API/app/models/bookmark.rb": {
        "lines": [
          1,
          1,
          1,
          1,
          null,
          null,
          1,
          null,
          1,
          null,
          null,
          null,
          1,
          1,
          1,
          1,
          1,
          null,
          null,
          1,
          0,
          null,
          null,
          null
        ]
      },
      "C:/Users/Zeus/Desktop/ROR PROJECTS/SANGAM-API/app/models/category_tag.rb": {
        "lines": [
          1,
          1,
          1,
          null
        ]
      },
      "C:/Users/Zeus/Desktop/ROR PROJECTS/SANGAM-API/app/models/close_friend.rb": {
        "lines": [
          1,
          1,
          1,
          null,
          1,
          1,
          null,
          1,
          null,
          1,
          12,
          null,
          null
        ]
      },
      "C:/Users/Zeus/Desktop/ROR PROJECTS/SANGAM-API/app/models/comment.rb": {
        "lines": [
          1,
          1,
          1,
          null,
          null,
          1,
          1,
          null,
          null,
          1,
          null,
          null,
          1,
          null,
          29,
          1,
          1,
          null,
          1,
          1,
          1,
          null,
          1,
          null,
          1,
          12,
          null,
          null,
          1,
          0,
          null,
          null,
          null,
          1,
          0,
          null,
          null,
          1,
          null,
          1,
          12,
          null,
          0,
          0,
          null,
          null,
          null,
          null,
          null,
          null,
          0,
          null,
          null,
          null,
          0,
          0,
          null,
          null,
          null,
          null,
          null,
          null,
          0,
          null,
          null,
          null,
          12,
          null,
          12,
          null,
          null,
          null,
          null,
          null,
          null,
          12,
          null,
          null,
          0,
          null,
          null
        ]
      },
      "C:/Users/Zeus/Desktop/ROR PROJECTS/SANGAM-API/app/models/post.rb": {
        "lines": [
          1,
          1,
          1,
          1,
          1,
          1,
          1,
          1,
          1,
          1,
          1,
          1,
          1,
          1,
          1,
          1,
          1,
          1,
          1,
          1,
          1,
          1,
          1,
          null,
          1,
          null,
          1,
          1,
          1,
          1,
          1,
          null,
          1,
          1,
          1,
          1,
          1,
          1,
          0,
          0,
          0,
          null,
          0,
          0,
          null,
          null,
          null,
          null,
          null,
          null,
          null,
          0,
          null,
          null,
          1,
          null,
          null,
          null,
          1,
          0,
          0,
          0,
          0,
          0,
          null,
          0,
          null,
          null,
          null,
          null,
          null,
          null,
          null,
          null,
          null,
          null,
          null,
          null,
          null,
          null,
          null,
          null,
          null,
          1,
          null,
          1,
          1,
          1,
          null,
          1,
          177,
          null,
          null,
          1,
          0,
          0,
          null,
          0,
          null,
          null,
          null,
          1,
          0,
          0,
          null,
          0,
          null,
          null,
          null,
          1,
          0,
          0,
          null,
          0,
          null,
          null,
          null,
          1,
          0,
          null,
          null,
          1,
          0,
          0,
          null,
          0,
          null,
          null,
          null,
          1,
          0,
          null,
          null,
          1,
          0,
          0,
          null,
          0,
          null,
          null,
          null,
          1,
          0,
          null,
          null,
          1,
          0,
          null,
          null,
          1,
          0,
          null,
          null,
          1,
          0,
          null,
          null,
          1,
          0,
          0,
          null,
          null,
          1,
          0,
          null,
          null,
          1,
          0,
          null,
          null,
          1,
          null,
          null,
          1,
          0,
          0,
          null,
          null,
          1,
          0,
          null,
          null,
          1,
          183,
          6,
          6,
          null,
          null,
          1,
          null,
          6,
          6,
          null,
          null,
          1,
          177,
          176,
          176,
          176,
          null,
          0,
          null,
          null,
          1,
          177,
          176,
          176,
          null,
          0,
          0,
          0,
          0,
          0,
          null,
          null,
          0,
          null,
          null,
          1,
          183,
          null,
          0,
          0,
          0,
          null,
          null,
          0,
          0,
          null,
          null,
          null,
          null
        ]
      },
      "C:/Users/Zeus/Desktop/ROR PROJECTS/SANGAM-API/app/models/conversation.rb": {
        "lines": [
          1,
          1,
          1,
          null,
          1,
          1,
          null,
          null,
          1,
          1,
          1,
          null,
          1,
          17,
          null,
          null,
          18,
          null,
          null,
          1,
          0,
          null,
          null,
          null,
          null,
          null,
          1,
          0,
          null,
          null,
          null,
          1,
          0,
          null,
          null,
          null,
          1,
          0,
          null,
          null,
          null,
          1,
          0,
          null,
          null,
          null,
          1,
          0,
          null,
          null,
          1,
          null,
          1,
          40,
          null,
          null
        ]
      },
      "C:/Users/Zeus/Desktop/ROR PROJECTS/SANGAM-API/app/models/event_response.rb": {
        "lines": [
          1,
          1,
          1,
          null,
          1,
          null,
          1,
          1,
          null,
          1,
          1,
          null,
          1,
          null,
          1,
          11,
          null,
          null,
          null,
          null,
          null
        ]
      },
      "C:/Users/Zeus/Desktop/ROR PROJECTS/SANGAM-API/app/models/event.rb": {
        "lines": [
          1,
          1,
          1,
          null,
          1,
          1,
          null,
          1,
          null,
          null,
          1,
          null,
          1,
          1,
          1,
          1,
          null,
          1,
          1,
          1,
          1,
          null,
          1,
          0,
          null,
          null,
          1,
          0,
          null,
          null,
          1,
          0,
          null,
          null,
          1,
          null,
          1,
          40,
          null,
          null
        ]
      },
      "C:/Users/Zeus/Desktop/ROR PROJECTS/SANGAM-API/app/models/follow.rb": {
        "lines": [
          1,
          1,
          1,
          null,
          1,
          1,
          null,
          1,
          1,
          null,
          1,
          null,
          1,
          12,
          null,
          null,
          null,
          1,
          10,
          null,
          null,
          null,
          null,
          null,
          null,
          10,
          null,
          0,
          null,
          null,
          null,
          1,
          null,
          null,
          null
        ]
      },
      "C:/Users/Zeus/Desktop/ROR PROJECTS/SANGAM-API/app/models/user.rb": {
        "lines": [
          1,
          1,
          null,
          null,
          1,
          1,
          null,
          null,
          1,
          1,
          1,
          1,
          1,
          1,
          1,
          1,
          null,
          1,
          null,
          1,
          1,
          1,
          1,
          null,
          null,
          1,
          1,
          1,
          null,
          null,
          1,
          1,
          1,
          1,
          1,
          1,
          1,
          1,
          null,
          null,
          1,
          1,
          null,
          null,
          1,
          null,
          null,
          1,
          null,
          null,
          1,
          1,
          null,
          null,
          1,
          null,
          null,
          1,
          1,
          null,
          null,
          1,
          1,
          7,
          7,
          1,
          1,
          null,
          null,
          1,
          1,
          1,
          1,
          null,
          null,
          1,
          1,
          1,
          1,
          1,
          null,
          null,
          1,
          null,
          null,
          1,
          71,
          null,
          1,
          3,
          null,
          null,
          1,
          0,
          null,
          null,
          1,
          0,
          null,
          null,
          null,
          1,
          0,
          null,
          null,
          1,
          0,
          null,
          null,
          1,
          0,
          null,
          null,
          1,
          0,
          0,
          null,
          0,
          null,
          null,
          null,
          1,
          null,
          17,
          null,
          null,
          1,
          0,
          null,
          null,
          1,
          0,
          null,
          null,
          1,
          0,
          null,
          null,
          1,
          0,
          null,
          null,
          1,
          31,
          null,
          null,
          1,
          3,
          null,
          null,
          1,
          28,
          null,
          null,
          1,
          0,
          null,
          null,
          1,
          0,
          0,
          null,
          null,
          1,
          0,
          null,
          null,
          1,
          0,
          null,
          null,
          1,
          null,
          1,
          null,
          1,
          1279,
          null,
          null,
          1,
          0,
          null,
          null,
          null,
          1,
          13,
          13,
          13,
          13,
          13,
          13,
          null,
          null,
          1,
          15,
          15,
          14,
          null,
          null,
          13,
          null,
          0,
          null,
          null,
          13,
          10,
          null,
          null,
          13,
          null,
          null,
          1,
          3,
          null,
          null,
          1,
          null,
          null,
          4,
          null,
          null,
          null,
          1,
          0,
          0,
          0,
          0,
          0,
          null,
          null,
          null,
          1,
          3,
          3,
          3,
          null,
          null
        ]
      },
      "C:/Users/Zeus/Desktop/ROR PROJECTS/SANGAM-API/app/models/friendship.rb": {
        "lines": [
          1,
          1,
          1,
          null,
          1,
          1,
          1,
          null,
          1,
          1,
          null,
          1,
          1,
          null,
          1,
          0,
          null,
          null,
          1,
          0,
          null,
          null,
          1,
          null,
          1,
          23,
          null,
          null,
          1,
          18,
          null,
          null,
          null,
          null,
          null,
          null,
          18,
          null,
          0,
          null,
          null,
          1,
          1,
          null,
          null,
          null,
          null,
          null,
          null,
          1,
          null,
          0,
          null,
          null,
          1,
          1,
          null,
          null
        ]
      },
      "C:/Users/Zeus/Desktop/ROR PROJECTS/SANGAM-API/app/models/fundraiser.rb": {
        "lines": [
          1,
          1,
          null,
          1,
          null,
          1,
          1,
          1,
          null,
          1,
          null,
          1,
          0,
          0,
          null,
          null,
          1,
          0,
          null,
          null,
          1,
          0,
          0,
          null,
          null
        ]
      },
      "C:/Users/Zeus/Desktop/ROR PROJECTS/SANGAM-API/app/models/group_chat_member.rb": {
        "lines": [
          1,
          1,
          1,
          null,
          1,
          null,
          1,
          1,
          null
        ]
      },
      "C:/Users/Zeus/Desktop/ROR PROJECTS/SANGAM-API/app/models/group_chat_message.rb": {
        "lines": [
          1,
          1,
          1,
          null,
          1,
          null,
          1,
          null,
          1,
          1,
          1,
          11,
          null,
          1,
          1,
          null,
          1,
          null,
          1,
          0,
          0,
          null,
          null,
          null,
          null,
          null,
          1,
          10,
          0,
          null,
          0,
          null,
          null,
          1,
          null,
          10,
          10,
          null,
          null,
          null,
          null,
          null,
          null,
          10,
          null,
          10,
          10,
          10,
          null,
          null,
          null,
          1,
          null,
          1,
          10,
          null,
          null,
          null,
          null,
          10,
          null,
          0,
          null,
          null,
          1,
          0,
          null,
          0,
          null,
          null
        ]
      },
      "C:/Users/Zeus/Desktop/ROR PROJECTS/SANGAM-API/app/models/group_chat.rb": {
        "lines": [
          1,
          1,
          1,
          null,
          1,
          1,
          1,
          null,
          1,
          1,
          null,
          1,
          null,
          null,
          1,
          0,
          null,
          1,
          null,
          null,
          1,
          9,
          null,
          null,
          1,
          0,
          null,
          null,
          1,
          0,
          0,
          null,
          null,
          0,
          0,
          null,
          null,
          null,
          null,
          1,
          0,
          0,
          0,
          0,
          null,
          null,
          null,
          1,
          0,
          null,
          null,
          null,
          null,
          1,
          0,
          null,
          null,
          1,
          null,
          1,
          42,
          42,
          null,
          null
        ]
      },
      "C:/Users/Zeus/Desktop/ROR PROJECTS/SANGAM-API/app/models/group_membership.rb": {
        "lines": [
          1,
          1,
          1,
          null,
          1,
          1,
          null,
          1,
          1,
          1,
          null,
          1,
          1,
          1,
          null,
          1,
          1,
          null,
          1,
          null,
          1,
          61,
          null,
          null,
          1,
          1,
          null,
          null
        ]
      },
      "C:/Users/Zeus/Desktop/ROR PROJECTS/SANGAM-API/app/models/group.rb": {
        "lines": [
          1,
          1,
          1,
          1,
          null,
          1,
          1,
          1,
          null,
          1,
          null,
          1,
          1,
          null,
          1,
          1,
          1,
          null,
          1,
          null,
          1,
          0,
          null,
          null,
          1,
          0,
          null,
          null,
          1,
          0,
          null,
          null,
          1,
          null,
          1,
          49,
          49,
          null,
          null
        ]
      },
      "C:/Users/Zeus/Desktop/ROR PROJECTS/SANGAM-API/app/models/hashtag.rb": {
        "lines": [
          1,
          1,
          1,
          null,
          1,
          1,
          null,
          2,
          1,
          null,
          1,
          176,
          176,
          0,
          null,
          null,
          null,
          1,
          176,
          176,
          null,
          null,
          1,
          null,
          1,
          15,
          null,
          null
        ]
      },
      "C:/Users/Zeus/Desktop/ROR PROJECTS/SANGAM-API/app/models/highlight_story.rb": {
        "lines": [
          1,
          1,
          1,
          null,
          1,
          null
        ]
      },
      "C:/Users/Zeus/Desktop/ROR PROJECTS/SANGAM-API/app/models/like.rb": {
        "lines": [
          1,
          1,
          1,
          null,
          1,
          1,
          null,
          null,
          null,
          1,
          null,
          null,
          null,
          null,
          null,
          null,
          null,
          1,
          null,
          1,
          1,
          null,
          null,
          1,
          null,
          1,
          2,
          null,
          1,
          null,
          null,
          null,
          null,
          null,
          null,
          1,
          null,
          0,
          null,
          null
        ]
      },
      "C:/Users/Zeus/Desktop/ROR PROJECTS/SANGAM-API/app/models/marketplace_listing.rb": {
        "lines": [
          1,
          1,
          1,
          1,
          null,
          null,
          1,
          null,
          null,
          null,
          1,
          1,
          null,
          1,
          1,
          1,
          1,
          1,
          null,
          1,
          1,
          1,
          1,
          null,
          1,
          0,
          0,
          null,
          null,
          1,
          0,
          null,
          null,
          1,
          0,
          null,
          null
        ]
      },
      "C:/Users/Zeus/Desktop/ROR PROJECTS/SANGAM-API/app/models/message.rb": {
        "lines": [
          1,
          1,
          1,
          null,
          1,
          null,
          1,
          null,
          1,
          1,
          1,
          14,
          14,
          null,
          1,
          1,
          1,
          null,
          null,
          null,
          1,
          1,
          1,
          null,
          1,
          0,
          null,
          null,
          1,
          0,
          null,
          null,
          1,
          0,
          0,
          null,
          null,
          1,
          33,
          0,
          null,
          null,
          1,
          33,
          null,
          null,
          1,
          33,
          null,
          null,
          1,
          null,
          1,
          null,
          11,
          11,
          null,
          null,
          0,
          0,
          null,
          null,
          null,
          1,
          11,
          null,
          null,
          1,
          null,
          11,
          null,
          null,
          null,
          null,
          11,
          null,
          null,
          11,
          22,
          22,
          null,
          null,
          null,
          null,
          22,
          null,
          null,
          null,
          null,
          null,
          null,
          null,
          null,
          null,
          null,
          null,
          1,
          0,
          null,
          null,
          null,
          null,
          null,
          1,
          null,
          33,
          33,
          null,
          null,
          null,
          33,
          null,
          null,
          null,
          33,
          null,
          null,
          null,
          null,
          null,
          1,
          0,
          null,
          0,
          null,
          null
        ]
      },
      "C:/Users/Zeus/Desktop/ROR PROJECTS/SANGAM-API/app/models/notification.rb": {
        "lines": [
          1,
          1,
          1,
          1,
          null,
          null,
          1,
          null,
          null,
          null,
          null,
          null,
          null,
          null,
          null,
          null,
          null,
          null,
          null,
          null,
          null,
          null,
          null,
          null,
          null,
          null,
          null,
          null,
          null,
          null,
          1,
          null,
          2,
          1,
          1,
          1,
          null,
          null,
          1,
          null,
          1,
          44,
          null,
          null,
          1,
          1,
          null,
          null,
          null,
          1,
          43,
          43,
          null,
          null,
          1,
          null,
          12,
          null,
          null,
          0,
          0,
          null,
          0,
          null,
          null,
          18,
          null,
          1,
          null,
          1,
          null,
          0,
          null,
          0,
          null,
          0,
          null,
          0,
          null,
          0,
          null,
          0,
          null,
          10,
          null,
          0,
          null,
          0,
          null,
          0,
          null,
          0,
          null,
          0,
          null,
          0,
          null,
          0,
          null,
          0,
          null,
          0,
          null,
          0,
          null,
          null,
          null,
          null,
          1,
          43,
          1,
          12,
          0,
          19,
          1,
          0,
          0,
          0,
          0,
          0,
          10,
          0,
          null,
          null,
          null,
          null,
          1,
          0,
          null,
          0,
          0,
          null,
          0,
          null,
          0,
          null,
          0,
          null,
          null,
          0,
          null,
          null,
          null,
          1,
          43,
          null,
          null,
          null,
          null,
          null,
          null,
          null,
          43,
          0,
          null,
          null,
          0,
          null,
          null,
          1,
          null,
          43,
          null,
          null,
          null,
          null,
          null,
          43,
          43,
          null,
          null,
          null,
          null,
          null,
          null,
          null,
          null,
          1,
          null,
          1,
          43,
          0,
          null,
          null,
          null,
          null,
          0,
          null,
          null
        ]
      },
      "C:/Users/Zeus/Desktop/ROR PROJECTS/SANGAM-API/app/models/poll_option.rb": {
        "lines": [
          1,
          1,
          1,
          null,
          1,
          1,
          null,
          1,
          0,
          0,
          0,
          null,
          null
        ]
      },
      "C:/Users/Zeus/Desktop/ROR PROJECTS/SANGAM-API/app/models/poll.rb": {
        "lines": [
          1,
          1,
          188,
          1,
          null,
          1,
          1,
          null,
          null,
          93,
          null,
          1,
          0,
          null,
          null,
          1,
          1,
          null,
          1,
          null,
          null,
          1,
          0,
          null,
          null,
          null,
          1,
          0,
          null,
          null,
          1,
          0,
          0,
          0,
          0,
          0,
          0,
          null,
          null,
          null,
          null,
          1,
          0,
          null,
          null,
          null,
          1,
          0,
          null,
          null,
          1,
          0,
          0,
          0,
          0,
          null,
          0,
          null,
          0,
          null,
          null,
          1,
          0,
          null,
          null,
          1,
          null,
          1,
          88,
          0,
          null,
          null,
          1,
          0,
          null,
          null
        ]
      },
      "C:/Users/Zeus/Desktop/ROR PROJECTS/SANGAM-API/app/models/poll_vote.rb": {
        "lines": [
          1,
          1,
          1,
          1,
          null,
          1,
          null
        ]
      },
      "C:/Users/Zeus/Desktop/ROR PROJECTS/SANGAM-API/app/models/post_category_tag.rb": {
        "lines": [
          1,
          1,
          1,
          null
        ]
      },
      "C:/Users/Zeus/Desktop/ROR PROJECTS/SANGAM-API/app/models/post_collaborator.rb": {
        "lines": [
          1,
          1,
          1,
          null,
          1,
          null,
          1,
          1,
          null,
          1,
          1,
          null,
          1,
          0,
          null,
          null,
          1,
          0,
          null,
          null
        ]
      },
      "C:/Users/Zeus/Desktop/ROR PROJECTS/SANGAM-API/app/models/post_hashtag.rb": {
        "lines": [
          1,
          1,
          1,
          null,
          1,
          null
        ]
      },
      "C:/Users/Zeus/Desktop/ROR PROJECTS/SANGAM-API/app/models/post_mention.rb": {
        "lines": [
          1,
          1,
          1,
          null,
          null,
          1,
          null,
          1,
          null,
          1,
          null,
          1,
          null,
          1,
          0,
          null,
          0,
          null,
          null,
          null,
          null,
          null,
          null,
          0,
          null,
          0,
          null,
          null
        ]
      },
      "C:/Users/Zeus/Desktop/ROR PROJECTS/SANGAM-API/app/models/profile_highlight.rb": {
        "lines": [
          1,
          1,
          1,
          1,
          null,
          1,
          1,
          1,
          null,
          1,
          null,
          1,
          0,
          null,
          null,
          1,
          0,
          0,
          0,
          0,
          null,
          null,
          null
        ]
      },
      "C:/Users/Zeus/Desktop/ROR PROJECTS/SANGAM-API/app/models/reel_comment.rb": {
        "lines": [
          1,
          1,
          1,
          1,
          1,
          null,
          1,
          1,
          null,
          1,
          1,
          null,
          1,
          null,
          1,
          null,
          1,
          8,
          null,
          8,
          null,
          null,
          null,
          null,
          null,
          null,
          null,
          0,
          null,
          null
        ]
      },
      "C:/Users/Zeus/Desktop/ROR PROJECTS/SANGAM-API/app/models/reel.rb": {
        "lines": [
          1,
          1,
          1,
          1,
          1,
          null,
          1,
          1,
          1,
          1,
          1,
          null,
          1,
          1,
          null,
          null,
          1,
          0,
          0,
          null,
          null,
          1,
          0,
          null,
          1,
          null,
          1,
          1,
          null,
          1,
          0,
          null,
          null,
          1,
          0,
          null,
          null,
          1,
          1,
          null,
          null,
          1,
          0,
          0,
          null,
          null,
          1,
          null,
          1,
          42,
          null,
          0,
          0,
          null,
          null,
          0,
          0,
          null,
          null,
          null,
          1,
          42,
          null,
          0,
          0,
          null,
          null,
          0,
          0,
          null,
          null,
          null
        ]
      },
      "C:/Users/Zeus/Desktop/ROR PROJECTS/SANGAM-API/app/models/reel_like.rb": {
        "lines": [
          1,
          1,
          1,
          null,
          1,
          null,
          1,
          null,
          1,
          null,
          1,
          1,
          null,
          1,
          null,
          null,
          null,
          null,
          null,
          null,
          null,
          0,
          null,
          null
        ]
      },
      "C:/Users/Zeus/Desktop/ROR PROJECTS/SANGAM-API/app/models/remember_token.rb": {
        "lines": [
          1,
          1,
          null,
          1,
          1,
          null,
          1,
          4,
          null,
          null
        ]
      },
      "C:/Users/Zeus/Desktop/ROR PROJECTS/SANGAM-API/app/models/share.rb": {
        "lines": [
          1,
          1,
          1,
          null,
          1,
          null,
          1,
          null,
          1,
          null,
          1,
          1,
          null,
          1,
          null,
          null,
          null,
          null,
          null,
          null,
          1,
          null,
          0,
          null,
          null
        ]
      },
      "C:/Users/Zeus/Desktop/ROR PROJECTS/SANGAM-API/app/models/story.rb": {
        "lines": [
          1,
          1,
          1,
          1,
          1,
          1,
          1,
          1,
          1,
          1,
          null,
          1,
          null,
          1,
          1,
          null,
          1,
          1,
          null,
          1,
          2,
          1,
          1,
          null,
          1,
          1,
          null,
          1,
          72,
          null,
          null,
          1,
          0,
          null,
          null,
          1,
          0,
          null,
          null,
          1,
          0,
          0,
          0,
          null,
          null,
          1,
          0,
          null,
          null,
          1,
          0,
          null,
          null,
          1,
          0,
          null,
          null,
          1,
          0,
          null,
          null,
          1,
          0,
          null,
          null,
          1,
          0,
          null,
          null,
          1,
          null,
          1,
          0,
          null,
          null,
          1,
          24,
          null,
          null,
          1,
          0,
          null,
          null,
          1,
          24,
          null,
          0,
          0,
          0,
          null,
          0,
          null,
          0,
          0,
          null,
          0,
          null,
          null,
          null
        ]
      },
      "C:/Users/Zeus/Desktop/ROR PROJECTS/SANGAM-API/app/models/story_poll_vote.rb": {
        "lines": [
          1,
          1,
          1,
          null,
          1,
          1,
          null,
          1,
          null,
          1,
          null,
          1,
          0,
          0,
          null,
          null
        ]
      },
      "C:/Users/Zeus/Desktop/ROR PROJECTS/SANGAM-API/app/models/story_qa_reply.rb": {
        "lines": [
          1,
          1,
          1,
          null,
          1,
          null
        ]
      },
      "C:/Users/Zeus/Desktop/ROR PROJECTS/SANGAM-API/app/models/story_view.rb": {
        "lines": [
          1,
          1,
          1,
          null,
          1,
          null
        ]
      },
      "C:/Users/Zeus/Desktop/ROR PROJECTS/SANGAM-API/app/models/user_interaction.rb": {
        "lines": [
          1,
          1,
          1,
          null,
          1,
          null,
          null,
          null,
          null,
          null,
          null,
          null,
          null,
          null,
          null,
          1,
          null,
          1,
          null,
          1,
          null,
          0,
          null,
          null,
          null,
          null,
          null,
          null,
          null,
          null,
          null,
          null,
          0,
          null,
          null,
          0,
          0,
          0,
          null,
          0,
          0,
          null,
          null,
          null
        ]
      },
      "C:/Users/Zeus/Desktop/ROR PROJECTS/SANGAM-API/app/models/user_tag_affinity.rb": {
        "lines": [
          1,
          1,
          1,
          null
        ]
      },
      "C:/Users/Zeus/Desktop/ROR PROJECTS/SANGAM-API/app/jobs/tag_post_job.rb": {
        "lines": [
          1,
          1,
          null,
          1,
          0,
          0,
          null,
          0,
          0,
          null,
          0,
          0,
          null,
          null,
          0,
          0,
          null,
          0,
          null,
          null,
          0,
          null,
          0,
          null,
          null,
          null,
          null,
          null,
          null,
          null,
          null,
          null,
          0,
          null,
          null,
          null,
          0,
          0,
          0,
          0,
          null,
          0,
          null,
          null,
          null,
          null,
          null,
          null,
          null,
          0,
          null,
          null,
          null,
          null,
          null,
          null,
          null,
          null,
          null,
          0,
          null,
          null,
          0,
          null,
          null,
          null,
          null,
          null,
          null,
          0,
          0,
          0,
          null,
          null,
          0,
          0,
          0,
          0,
          null,
          0,
          0,
          0,
          0,
          null,
          0,
          0,
          0,
          0,
          null,
          null,
          null,
          null,
          null,
          0,
          null,
          null
        ]
      },
      "C:/Users/Zeus/Desktop/ROR PROJECTS/SANGAM-API/app/controllers/api/v1/ai_features_controller.rb": {
        "lines": [
          1,
          1,
          1,
          1,
          null,
          1,
          2,
          0,
          null,
          null,
          1,
          2,
          0,
          null,
          null,
          1,
          2,
          0,
          null,
          null,
          1,
          1,
          0,
          null,
          null,
          1,
          2,
          0,
          null,
          null,
          1,
          2,
          0,
          0,
          null,
          null,
          1,
          2,
          0,
          0,
          null,
          null,
          null,
          null
        ]
      },
      "C:/Users/Zeus/Desktop/ROR PROJECTS/SANGAM-API/app/controllers/api/v1/application_controller.rb": {
        "lines": [
          1,
          1,
          1,
          1,
          1,
          null,
          null,
          null
        ]
      },
      "C:/Users/Zeus/Desktop/ROR PROJECTS/SANGAM-API/app/controllers/application_controller.rb": {
        "lines": [
          1,
          1,
          1,
          null
        ]
      },
      "C:/Users/Zeus/Desktop/ROR PROJECTS/SANGAM-API/app/controllers/concerns/standard_response.rb": {
        "lines": [
          1,
          1,
          null,
          1,
          1,
          191,
          null,
          null,
          null,
          null,
          null,
          null,
          1,
          616,
          null,
          null,
          null,
          null,
          null,
          null,
          null
        ]
      },
      "C:/Users/Zeus/Desktop/ROR PROJECTS/SANGAM-API/app/controllers/concerns/exception_handler.rb": {
        "lines": [
          1,
          1,
          null,
          1,
          null,
          1,
          1,
          0,
          null,
          null,
          null,
          1,
          146,
          null,
          null,
          1,
          0,
          null,
          null,
          1,
          105,
          null,
          null,
          1,
          0,
          null,
          null,
          null,
          null,
          null
        ]
      },
      "C:/Users/Zeus/Desktop/ROR PROJECTS/SANGAM-API/app/controllers/concerns/jwt_authenticable.rb": {
        "lines": [
          1,
          1,
          null,
          1,
          null,
          1,
          1,
          2,
          2,
          null,
          null,
          1,
          635,
          449,
          null,
          186,
          null,
          null,
          1,
          635,
          635,
          635,
          null,
          635,
          449,
          null,
          null,
          635,
          186,
          null,
          null,
          null,
          1,
          0,
          null,
          null,
          null
        ]
      },
      "C:/Users/Zeus/Desktop/ROR PROJECTS/SANGAM-API/app/controllers/concerns/authorization.rb": {
        "lines": [
          1,
          1,
          null,
          1,
          1,
          0,
          null,
          null,
          1,
          0,
          0,
          null,
          null,
          null,
          null
        ]
      },
      "C:/Users/Zeus/Desktop/ROR PROJECTS/SANGAM-API/app/controllers/api/v1/articles_controller.rb": {
        "lines": [
          1,
          1,
          1,
          1,
          1,
          1,
          null,
          1,
          2,
          2,
          null,
          null,
          1,
          2,
          null,
          null,
          1,
          2,
          null,
          1,
          null,
          1,
          0,
          null,
          1,
          null,
          null,
          null,
          1,
          0,
          0,
          null,
          0,
          null,
          null,
          null,
          1,
          0,
          0,
          null,
          null,
          1,
          null,
          1,
          11,
          null,
          null,
          1,
          5,
          5,
          null,
          null,
          null,
          1,
          null,
          2,
          null,
          null,
          null,
          null
        ]
      },
      "C:/Users/Zeus/Desktop/ROR PROJECTS/SANGAM-API/app/blueprints/article_blueprint.rb": {
        "lines": [
          1,
          1,
          null,
          1,
          1,
          null,
          null
        ]
      },
      "C:/Users/Zeus/Desktop/ROR PROJECTS/SANGAM-API/app/controllers/api/v1/auth/registrations_controller.rb": {
        "lines": [
          1,
          1,
          1,
          1,
          1,
          5,
          2,
          2,
          null,
          2,
          1,
          null,
          1,
          null,
          0,
          null,
          1,
          null,
          1,
          null,
          null,
          null,
          1,
          null,
          1,
          5,
          null,
          null,
          null,
          null,
          null
        ]
      },
      "C:/Users/Zeus/Desktop/ROR PROJECTS/SANGAM-API/app/controllers/api/v1/auth/sessions_controller.rb": {
        "lines": [
          1,
          1,
          1,
          1,
          1,
          null,
          1,
          7,
          null,
          7,
          null,
          3,
          0,
          null,
          0,
          null,
          0,
          null,
          0,
          null,
          null,
          null,
          3,
          2,
          2,
          null,
          2,
          null,
          1,
          1,
          null,
          null,
          null,
          null,
          null,
          null,
          null,
          null,
          null,
          null,
          2,
          2,
          null,
          2,
          null,
          0,
          null,
          null,
          2,
          null,
          4,
          null,
          null,
          null,
          1,
          null,
          2,
          2,
          null,
          null,
          null,
          null,
          null
        ]
      },
      "C:/Users/Zeus/Desktop/ROR PROJECTS/SANGAM-API/app/controllers/api/v1/auth/otps_controller.rb": {
        "lines": [
          1,
          1,
          1,
          1,
          1,
          10,
          null,
          10,
          3,
          null,
          null,
          7,
          1,
          null,
          null,
          6,
          1,
          1,
          null,
          1,
          null,
          1,
          null,
          null,
          null,
          null,
          1,
          1,
          1,
          1,
          null,
          null,
          null,
          1,
          1,
          null,
          null,
          1,
          null,
          5,
          5,
          5,
          1,
          1,
          null,
          4,
          null,
          5,
          null,
          null,
          null,
          1,
          4,
          null,
          4,
          3,
          null,
          null,
          1,
          null,
          1,
          null,
          0,
          null,
          1,
          null,
          null,
          null,
          null,
          null
        ]
      },
      "C:/Users/Zeus/Desktop/ROR PROJECTS/SANGAM-API/app/controllers/api/v1/auth/passwords_controller.rb": {
        "lines": [
          1,
          1,
          1,
          1,
          1,
          null,
          1,
          4,
          3,
          null,
          1,
          1,
          null,
          1,
          1,
          1,
          1,
          null,
          0,
          null,
          null,
          null,
          1,
          4,
          4,
          null,
          1,
          1,
          1,
          1,
          null,
          0,
          null,
          null,
          0,
          null,
          null,
          null,
          1,
          3,
          1,
          1,
          null,
          0,
          null,
          null,
          2,
          null,
          null,
          null,
          null,
          null,
          null
        ]
      },
      "C:/Users/Zeus/Desktop/ROR PROJECTS/SANGAM-API/app/controllers/api/v1/auth/totp_controller.rb": {
        "lines": [
          1,
          1,
          1,
          1,
          1,
          null,
          1,
          2,
          0,
          null,
          null,
          null,
          2,
          null,
          2,
          2,
          null,
          2,
          null,
          null,
          null,
          null,
          null,
          null,
          null,
          null,
          1,
          3,
          3,
          2,
          null,
          null,
          1,
          1,
          1,
          1,
          null,
          0,
          null,
          null,
          null,
          1,
          2,
          2,
          null,
          null,
          0,
          0,
          null,
          0,
          0,
          0,
          null,
          0,
          null,
          null,
          null,
          null,
          null,
          null
        ]
      },
      "C:/Users/Zeus/Desktop/ROR PROJECTS/SANGAM-API/app/controllers/api/v1/bookmark_collections_controller.rb": {
        "lines": [
          1,
          1,
          1,
          1,
          1,
          1,
          null,
          1,
          2,
          2,
          null,
          null,
          1,
          2,
          null,
          null,
          1,
          3,
          null,
          1,
          null,
          1,
          1,
          null,
          0,
          null,
          null,
          null,
          1,
          0,
          0,
          null,
          0,
          null,
          null,
          null,
          1,
          0,
          0,
          null,
          null,
          1,
          1,
          1,
          0,
          null,
          null,
          1,
          1,
          null,
          null,
          1,
          null,
          null,
          1,
          null,
          1,
          15,
          null,
          null,
          1,
          8,
          7,
          null,
          null,
          null,
          1,
          null,
          3,
          null,
          null,
          null,
          null
        ]
      },
      "C:/Users/Zeus/Desktop/ROR PROJECTS/SANGAM-API/app/blueprints/bookmark_collection_blueprint.rb": {
        "lines": [
          1,
          1,
          null,
          1,
          1,
          null,
          null
        ]
      },
      "C:/Users/Zeus/Desktop/ROR PROJECTS/SANGAM-API/app/controllers/api/v1/bookmarks_controller.rb": {
        "lines": [
          1,
          1,
          1,
          1,
          1,
          null,
          1,
          2,
          2,
          null,
          null,
          1,
          2,
          null,
          null,
          1,
          2,
          null,
          0,
          null,
          0,
          0,
          null,
          0,
          null,
          null,
          null,
          1,
          4,
          0,
          null,
          0,
          null,
          null,
          null,
          1,
          1,
          1,
          null,
          null,
          1,
          null,
          1,
          11,
          null,
          null,
          1,
          null,
          6,
          null,
          null,
          null,
          null
        ]
      },
      "C:/Users/Zeus/Desktop/ROR PROJECTS/SANGAM-API/app/blueprints/bookmark_blueprint.rb": {
        "lines": [
          1,
          1,
          null,
          1,
          1,
          null,
          null
        ]
      },
      "C:/Users/Zeus/Desktop/ROR PROJECTS/SANGAM-API/app/controllers/api/v1/category_tags_controller.rb": {
        "lines": [
          1,
          1,
          1,
          1,
          1,
          null,
          1,
          2,
          2,
          null,
          null,
          1,
          2,
          null,
          null,
          1,
          2,
          null,
          0,
          null,
          0,
          0,
          null,
          0,
          null,
          null,
          null,
          1,
          4,
          0,
          null,
          0,
          null,
          null,
          null,
          1,
          1,
          1,
          null,
          null,
          1,
          null,
          1,
          11,
          null,
          null,
          1,
          null,
          6,
          null,
          null,
          null,
          null
        ]
      },
      "C:/Users/Zeus/Desktop/ROR PROJECTS/SANGAM-API/app/blueprints/category_tag_blueprint.rb": {
        "lines": [
          1,
          1,
          null,
          1,
          1,
          null,
          null
        ]
      },
      "C:/Users/Zeus/Desktop/ROR PROJECTS/SANGAM-API/app/controllers/api/v1/close_friends_controller.rb": {
        "lines": [
          1,
          1,
          1,
          1,
          1,
          null,
          1,
          2,
          2,
          null,
          null,
          1,
          2,
          null,
          null,
          1,
          2,
          null,
          0,
          null,
          0,
          0,
          null,
          0,
          null,
          null,
          null,
          1,
          4,
          0,
          null,
          0,
          null,
          null,
          null,
          1,
          1,
          1,
          null,
          null,
          1,
          null,
          1,
          11,
          null,
          null,
          1,
          null,
          6,
          null,
          null,
          null,
          null
        ]
      },
      "C:/Users/Zeus/Desktop/ROR PROJECTS/SANGAM-API/app/blueprints/close_friend_blueprint.rb": {
        "lines": [
          1,
          1,
          null,
          1,
          1,
          null,
          null
        ]
      },
      "C:/Users/Zeus/Desktop/ROR PROJECTS/SANGAM-API/app/controllers/api/v1/comments_controller.rb": {
        "lines": [
          1,
          1,
          1,
          1,
          1,
          1,
          null,
          1,
          3,
          3,
          null,
          3,
          null,
          null,
          null,
          null,
          null,
          null,
          null,
          null,
          null,
          null,
          null,
          null,
          1,
          3,
          2,
          null,
          2,
          2,
          null,
          0,
          null,
          null,
          null,
          1,
          4,
          4,
          null,
          null,
          0,
          0,
          null,
          0,
          null,
          null,
          null,
          1,
          1,
          1,
          null,
          null,
          0,
          0,
          null,
          null,
          1,
          null,
          1,
          8,
          null,
          null,
          1,
          8,
          null,
          null,
          1,
          3,
          null,
          null,
          null,
          null
        ]
      },
      "C:/Users/Zeus/Desktop/ROR PROJECTS/SANGAM-API/app/blueprints/comment_blueprint.rb": {
        "lines": [
          1,
          1,
          null,
          1,
          1,
          1,
          null,
          null
        ]
      },
      "C:/Users/Zeus/Desktop/ROR PROJECTS/SANGAM-API/app/blueprints/user_blueprint.rb": {
        "lines": [
          1,
          1,
          null,
          1,
          1,
          null,
          null,
          null,
          1,
          1,
          1,
          null,
          null
        ]
      },
      "C:/Users/Zeus/Desktop/ROR PROJECTS/SANGAM-API/app/controllers/api/v1/auth/confirmations_controller.rb": {
        "lines": [
          1,
          1,
          1,
          1,
          1,
          null,
          1,
          2,
          null,
          2,
          0,
          null,
          null,
          null,
          0,
          null,
          2,
          null,
          null,
          null,
          1,
          2,
          2,
          null,
          0,
          0,
          null,
          null,
          null,
          0,
          null,
          null,
          null,
          null,
          null,
          null,
          null,
          0,
          null,
          null,
          null,
          null,
          null
        ]
      },
      "C:/Users/Zeus/Desktop/ROR PROJECTS/SANGAM-API/app/controllers/api/v1/conversations_controller.rb": {
        "lines": [
          1,
          1,
          1,
          1,
          1,
          null,
          1,
          3,
          3,
          null,
          null,
          1,
          2,
          null,
          null,
          1,
          2,
          null,
          0,
          null,
          0,
          0,
          null,
          0,
          null,
          null,
          null,
          1,
          4,
          0,
          null,
          0,
          null,
          null,
          null,
          1,
          1,
          1,
          null,
          null,
          1,
          null,
          1,
          11,
          null,
          null,
          1,
          null,
          6,
          null,
          null,
          null,
          null
        ]
      },
      "C:/Users/Zeus/Desktop/ROR PROJECTS/SANGAM-API/app/blueprints/conversation_blueprint.rb": {
        "lines": [
          1,
          1,
          null,
          1,
          1,
          null,
          null
        ]
      },
      "C:/Users/Zeus/Desktop/ROR PROJECTS/SANGAM-API/app/controllers/api/v1/admin/dashboard_controller.rb": {
        "lines": [
          1,
          1,
          1,
          1,
          1,
          1,
          null,
          1,
          null,
          2,
          2,
          2,
          2,
          2,
          2,
          2,
          2,
          2,
          2,
          null,
          null,
          2,
          2,
          null,
          null,
          2,
          2,
          2,
          null,
          null,
          2,
          2,
          2,
          2,
          null,
          null,
          2,
          2,
          2,
          2,
          null,
          2,
          16,
          16,
          16,
          16,
          null,
          2,
          null,
          null,
          2,
          2,
          2,
          2,
          null,
          null,
          2,
          2,
          2,
          null,
          null,
          2,
          null,
          null,
          null,
          null,
          null,
          null,
          null,
          null,
          null,
          null,
          null,
          null,
          null,
          null,
          null,
          null,
          4,
          4,
          4,
          null,
          null,
          null,
          null,
          null,
          null,
          null,
          null,
          null,
          null,
          null,
          null,
          null,
          null,
          null,
          null,
          null,
          null,
          null,
          null,
          null,
          null,
          null,
          null,
          null,
          null,
          null,
          2,
          null,
          null,
          1,
          1,
          1,
          null,
          null,
          1,
          1,
          1,
          null,
          null,
          1,
          2,
          1,
          null,
          null,
          1,
          null,
          1,
          7,
          1,
          null,
          null,
          null,
          null,
          null,
          null
        ]
      },
      "C:/Users/Zeus/Desktop/ROR PROJECTS/SANGAM-API/app/blueprints/post_blueprint.rb": {
        "lines": [
          1,
          1,
          null,
          1,
          1,
          1,
          null,
          null,
          1,
          1,
          1,
          null,
          null,
          null
        ]
      },
      "C:/Users/Zeus/Desktop/ROR PROJECTS/SANGAM-API/app/controllers/api/v1/event_responses_controller.rb": {
        "lines": [
          1,
          1,
          1,
          1,
          1,
          null,
          1,
          3,
          3,
          null,
          null,
          1,
          2,
          null,
          null,
          1,
          3,
          null,
          0,
          null,
          0,
          0,
          null,
          0,
          null,
          null,
          null,
          1,
          4,
          0,
          null,
          0,
          null,
          null,
          null,
          1,
          1,
          1,
          null,
          null,
          1,
          null,
          1,
          11,
          null,
          null,
          1,
          null,
          7,
          null,
          null,
          null,
          null
        ]
      },
      "C:/Users/Zeus/Desktop/ROR PROJECTS/SANGAM-API/app/blueprints/event_response_blueprint.rb": {
        "lines": [
          1,
          1,
          null,
          1,
          1,
          null,
          null
        ]
      },
      "C:/Users/Zeus/Desktop/ROR PROJECTS/SANGAM-API/app/controllers/api/v1/events_controller.rb": {
        "lines": [
          1,
          1,
          1,
          1,
          1,
          1,
          null,
          1,
          2,
          2,
          null,
          null,
          1,
          2,
          null,
          null,
          1,
          2,
          null,
          1,
          null,
          1,
          1,
          null,
          0,
          null,
          null,
          null,
          1,
          0,
          0,
          null,
          0,
          null,
          null,
          null,
          1,
          0,
          0,
          null,
          null,
          1,
          2,
          2,
          null,
          2,
          0,
          null,
          2,
          null,
          null,
          null,
          1,
          null,
          1,
          14,
          null,
          null,
          1,
          5,
          5,
          null,
          null,
          null,
          1,
          null,
          2,
          null,
          null,
          null,
          null
        ]
      },
      "C:/Users/Zeus/Desktop/ROR PROJECTS/SANGAM-API/app/blueprints/event_blueprint.rb": {
        "lines": [
          1,
          1,
          null,
          1,
          1,
          null,
          null
        ]
      },
      "C:/Users/Zeus/Desktop/ROR PROJECTS/SANGAM-API/app/controllers/api/v1/follows_controller.rb": {
        "lines": [
          1,
          1,
          1,
          1,
          1,
          1,
          null,
          1,
          2,
          2,
          null,
          null,
          1,
          2,
          null,
          null,
          1,
          0,
          0,
          null,
          null,
          0,
          null,
          0,
          0,
          null,
          0,
          null,
          null,
          null,
          1,
          0,
          0,
          0,
          0,
          null,
          0,
          null,
          null,
          null,
          1,
          null,
          1,
          3,
          null,
          null,
          1,
          4,
          null,
          null,
          1,
          null,
          4,
          null,
          null,
          null,
          null
        ]
      },
      "C:/Users/Zeus/Desktop/ROR PROJECTS/SANGAM-API/app/blueprints/follow_blueprint.rb": {
        "lines": [
          1,
          1,
          null,
          1,
          1,
          null,
          null
        ]
      },
      "C:/Users/Zeus/Desktop/ROR PROJECTS/SANGAM-API/app/controllers/api/v1/friendships_controller.rb": {
        "lines": [
          1,
          1,
          1,
          1,
          1,
          null,
          1,
          null,
          1,
          1,
          null,
          1,
          null,
          null,
          null,
          null,
          null,
          null,
          null,
          null,
          1,
          3,
          3,
          0,
          null,
          null,
          3,
          null,
          3,
          0,
          null,
          null,
          3,
          null,
          3,
          1,
          null,
          2,
          null,
          null,
          null,
          1,
          null,
          4,
          4,
          null,
          null,
          0,
          0,
          0,
          null,
          null,
          0,
          0,
          null,
          0,
          null,
          null,
          null,
          1,
          3,
          2,
          null,
          null,
          1,
          1,
          null,
          0,
          null,
          null,
          null,
          1,
          2,
          2,
          null,
          null,
          0,
          0,
          null,
          0,
          null,
          null,
          null,
          1,
          null,
          1,
          1,
          null,
          null,
          0,
          0,
          null,
          null,
          1,
          null,
          1,
          15,
          null,
          null,
          null,
          null
        ]
      },
      "C:/Users/Zeus/Desktop/ROR PROJECTS/SANGAM-API/app/controllers/api/v1/fundraisers_controller.rb": {
        "lines": [
          1,
          1,
          1,
          1,
          1,
          null,
          1,
          2,
          2,
          null,
          null,
          1,
          2,
          null,
          null,
          1,
          2,
          null,
          1,
          null,
          1,
          0,
          null,
          1,
          null,
          null,
          null,
          1,
          4,
          2,
          null,
          0,
          null,
          null,
          null,
          1,
          1,
          1,
          null,
          null,
          1,
          2,
          2,
          2,
          null,
          null,
          null,
          null,
          0,
          0,
          null,
          null,
          1,
          null,
          1,
          14,
          null,
          null,
          1,
          null,
          6,
          null,
          null,
          null,
          null
        ]
      },
      "C:/Users/Zeus/Desktop/ROR PROJECTS/SANGAM-API/app/blueprints/fundraiser_blueprint.rb": {
        "lines": [
          1,
          1,
          null,
          1,
          1,
          null,
          null
        ]
      },
      "C:/Users/Zeus/Desktop/ROR PROJECTS/SANGAM-API/app/controllers/api/v1/group_chat_messages_controller.rb": {
        "lines": [
          1,
          1,
          1,
          1,
          1,
          1,
          1,
          null,
          1,
          0,
          null,
          0,
          0,
          null,
          null,
          0,
          0,
          null,
          0,
          null,
          null,
          1,
          0,
          null,
          null,
          1,
          0,
          0,
          null,
          0,
          0,
          null,
          0,
          null,
          null,
          null,
          1,
          0,
          0,
          null,
          0,
          null,
          null,
          null,
          1,
          0,
          0,
          null,
          null,
          0,
          0,
          null,
          0,
          null,
          null,
          0,
          null,
          null,
          1,
          null,
          1,
          15,
          null,
          null,
          1,
          9,
          9,
          null,
          null,
          null,
          1,
          0,
          null,
          null,
          1,
          0,
          null,
          null,
          null,
          null
        ]
      },
      "C:/Users/Zeus/Desktop/ROR PROJECTS/SANGAM-API/app/controllers/api/v1/group_chats_controller.rb": {
        "lines": [
          1,
          1,
          1,
          1,
          1,
          1,
          1,
          1,
          null,
          1,
          1,
          1,
          null,
          null,
          1,
          0,
          null,
          null,
          1,
          2,
          null,
          0,
          null,
          0,
          0,
          null,
          0,
          null,
          null,
          null,
          1,
          0,
          0,
          null,
          0,
          null,
          null,
          null,
          1,
          0,
          0,
          null,
          null,
          1,
          0,
          0,
          0,
          null,
          0,
          0,
          null,
          0,
          null,
          null,
          null,
          1,
          0,
          0,
          0,
          0,
          null,
          0,
          null,
          null,
          null,
          1,
          0,
          0,
          0,
          0,
          null,
          0,
          null,
          null,
          null,
          1,
          null,
          1,
          17,
          null,
          null,
          1,
          2,
          2,
          null,
          null,
          null,
          1,
          7,
          7,
          7,
          null,
          null,
          null,
          1,
          1,
          1,
          1,
          null,
          null,
          null,
          1,
          null,
          2,
          null,
          null,
          null,
          null
        ]
      },
      "C:/Users/Zeus/Desktop/ROR PROJECTS/SANGAM-API/app/blueprints/group_chat_blueprint.rb": {
        "lines": [
          1,
          1,
          null,
          1,
          1,
          null,
          null
        ]
      },
      "C:/Users/Zeus/Desktop/ROR PROJECTS/SANGAM-API/app/controllers/api/v1/group_memberships_controller.rb": {
        "lines": [
          1,
          1,
          1,
          1,
          1,
          null,
          1,
          3,
          3,
          null,
          null,
          1,
          2,
          null,
          null,
          1,
          3,
          null,
          0,
          null,
          0,
          0,
          null,
          0,
          null,
          null,
          null,
          1,
          4,
          0,
          null,
          0,
          null,
          null,
          null,
          1,
          1,
          1,
          null,
          null,
          1,
          null,
          1,
          11,
          null,
          null,
          1,
          null,
          7,
          null,
          null,
          null,
          null
        ]
      },
      "C:/Users/Zeus/Desktop/ROR PROJECTS/SANGAM-API/app/blueprints/group_membership_blueprint.rb": {
        "lines": [
          1,
          1,
          null,
          1,
          1,
          null,
          null
        ]
      },
      "C:/Users/Zeus/Desktop/ROR PROJECTS/SANGAM-API/app/controllers/api/v1/groups_controller.rb": {
        "lines": [
          1,
          1,
          1,
          1,
          1,
          1,
          null,
          1,
          3,
          3,
          null,
          null,
          1,
          2,
          null,
          null,
          1,
          3,
          2,
          null,
          2,
          null,
          2,
          null,
          0,
          null,
          null,
          null,
          1,
          0,
          0,
          null,
          0,
          null,
          null,
          null,
          1,
          0,
          0,
          null,
          null,
          1,
          2,
          null,
          2,
          0,
          null,
          null,
          null,
          2,
          2,
          null,
          2,
          2,
          null,
          0,
          null,
          null,
          null,
          1,
          1,
          1,
          0,
          null,
          1,
          null,
          null,
          null,
          1,
          0,
          0,
          null,
          0,
          0,
          null,
          0,
          null,
          null,
          null,
          1,
          0,
          0,
          null,
          0,
          0,
          null,
          null,
          1,
          null,
          1,
          21,
          null,
          null,
          1,
          8,
          8,
          8,
          null,
          null,
          null,
          1,
          3,
          null,
          null,
          null,
          null
        ]
      },
      "C:/Users/Zeus/Desktop/ROR PROJECTS/SANGAM-API/app/blueprints/group_blueprint.rb": {
        "lines": [
          1,
          1,
          null,
          1,
          1,
          null,
          null
        ]
      },
      "C:/Users/Zeus/Desktop/ROR PROJECTS/SANGAM-API/app/controllers/api/v1/hashtags_controller.rb": {
        "lines": [
          1,
          1,
          1,
          1,
          1,
          null,
          1,
          2,
          2,
          null,
          null,
          1,
          null,
          2,
          0,
          0,
          null,
          null,
          2,
          null,
          2,
          null,
          null,
          null,
          null,
          null,
          null,
          null,
          null,
          1,
          1,
          1,
          null,
          null,
          1,
          null,
          null,
          null,
          null,
          1,
          null,
          null,
          null,
          null,
          null,
          null,
          null,
          null,
          1,
          2,
          null,
          1,
          null,
          1,
          1,
          null,
          0,
          null,
          null,
          null,
          1,
          4,
          2,
          null,
          0,
          null,
          null,
          null,
          1,
          1,
          1,
          null,
          null,
          1,
          null,
          1,
          11,
          null,
          null,
          1,
          null,
          6,
          null,
          null,
          null,
          null
        ]
      },
      "C:/Users/Zeus/Desktop/ROR PROJECTS/SANGAM-API/app/blueprints/hashtag_blueprint.rb": {
        "lines": [
          1,
          1,
          null,
          1,
          1,
          null,
          null
        ]
      },
      "C:/Users/Zeus/Desktop/ROR PROJECTS/SANGAM-API/app/controllers/api/v1/interactions_controller.rb": {
        "lines": [
          1,
          1,
          1,
          1,
          null,
          1,
          null,
          null,
          2,
          0,
          0,
          0,
          null,
          null,
          null,
          null,
          null,
          0,
          null,
          null,
          null,
          null
        ]
      },
      "C:/Users/Zeus/Desktop/ROR PROJECTS/SANGAM-API/app/controllers/api/v1/likes_controller.rb": {
        "lines": [
          1,
          1,
          1,
          1,
          1,
          null,
          1,
          2,
          null,
          2,
          2,
          null,
          0,
          null,
          null,
          null,
          1,
          1,
          null,
          1,
          0,
          null,
          1,
          null,
          null,
          null,
          1,
          null,
          1,
          5,
          null,
          null,
          null,
          null
        ]
      },
      "C:/Users/Zeus/Desktop/ROR PROJECTS/SANGAM-API/app/blueprints/like_blueprint.rb": {
        "lines": [
          1,
          1,
          null,
          1,
          1,
          null,
          null
        ]
      },
      "C:/Users/Zeus/Desktop/ROR PROJECTS/SANGAM-API/app/controllers/api/v1/link_previews_controller.rb": {
        "lines": [
          1,
          1,
          1,
          1,
          null,
          1,
          1,
          1,
          null,
          null,
          0,
          0,
          null,
          0,
          0,
          null,
          0,
          0,
          null,
          0,
          0,
          0,
          null,
          null,
          0,
          null,
          null,
          null,
          null,
          0,
          null,
          0,
          null,
          null,
          0,
          null,
          null,
          null,
          null,
          null
        ]
      },
      "C:/Users/Zeus/Desktop/ROR PROJECTS/SANGAM-API/app/controllers/api/v1/marketplace_listings_controller.rb": {
        "lines": [
          1,
          1,
          1,
          1,
          1,
          1,
          null,
          1,
          2,
          null,
          2,
          2,
          null,
          2,
          0,
          null,
          2,
          0,
          null,
          null,
          2,
          2,
          null,
          null,
          1,
          1,
          1,
          null,
          null,
          1,
          2,
          2,
          null,
          null,
          1,
          2,
          null,
          0,
          0,
          null,
          0,
          null,
          null,
          null,
          1,
          0,
          0,
          null,
          0,
          null,
          null,
          null,
          1,
          0,
          0,
          null,
          null,
          1,
          0,
          0,
          0,
          0,
          0,
          null,
          0,
          null,
          null,
          null,
          1,
          null,
          1,
          14,
          null,
          null,
          1,
          7,
          7,
          null,
          null,
          null,
          1,
          null,
          2,
          null,
          null,
          null,
          null
        ]
      },
      "C:/Users/Zeus/Desktop/ROR PROJECTS/SANGAM-API/app/blueprints/marketplace_listing_blueprint.rb": {
        "lines": [
          1,
          1,
          null,
          1,
          1,
          null,
          null
        ]
      },
      "C:/Users/Zeus/Desktop/ROR PROJECTS/SANGAM-API/app/controllers/api/v1/memories_controller.rb": {
        "lines": [
          1,
          1,
          1,
          1,
          null,
          1,
          null,
          1,
          null,
          1,
          null,
          null,
          null,
          5,
          null,
          null,
          1,
          null,
          null,
          null,
          null,
          null,
          null,
          null
        ]
      },
      "C:/Users/Zeus/Desktop/ROR PROJECTS/SANGAM-API/app/controllers/api/v1/messages_controller.rb": {
        "lines": [
          1,
          1,
          1,
          1,
          1,
          1,
          null,
          1,
          1,
          1,
          null,
          null,
          1,
          0,
          null,
          null,
          1,
          1,
          1,
          null,
          1,
          1,
          null,
          0,
          null,
          null,
          null,
          1,
          0,
          0,
          null,
          0,
          null,
          null,
          null,
[...]
        "lines": [
          0,
          0,
          null,
          0,
          0,
          0,
          0
        ],
        "branches": {}
      },
      "C:/Users/Zeus/Desktop/ROR PROJECTS/SANGAM-API/app/blueprints/post_hashtag_blueprint.rb": {
        "lines": [
          0,
          0,
          null,
          0,
          0,
          0,
          0
        ],
        "branches": {}
      },
      "C:/Users/Zeus/Desktop/ROR PROJECTS/SANGAM-API/app/blueprints/post_mention_blueprint.rb": {
        "lines": [
          0,
          0,
          null,
          0,
          0,
          0,
          0
        ],
        "branches": {}
      },
      "C:/Users/Zeus/Desktop/ROR PROJECTS/SANGAM-API/app/blueprints/reel_comment_blueprint.rb": {
        "lines": [
          0,
          0,
          null,
          0,
          0,
          0,
          0
        ],
        "branches": {}
      },
      "C:/Users/Zeus/Desktop/ROR PROJECTS/SANGAM-API/app/blueprints/reel_like_blueprint.rb": {
        "lines": [
          0,
          0,
          null,
          0,
          0,
          0,
          0
        ],
        "branches": {}
      },
      "C:/Users/Zeus/Desktop/ROR PROJECTS/SANGAM-API/app/blueprints/story_poll_vote_blueprint.rb": {
        "lines": [
          0,
          0,
          null,
          0,
          0,
          0,
          0
        ],
        "branches": {}
      },
      "C:/Users/Zeus/Desktop/ROR PROJECTS/SANGAM-API/app/blueprints/story_qa_reply_blueprint.rb": {
        "lines": [
          0,
          0,
          null,
          0,
          0,
          0,
          0
        ],
        "branches": {}
      },
      "C:/Users/Zeus/Desktop/ROR PROJECTS/SANGAM-API/app/blueprints/story_view_blueprint.rb": {
        "lines": [
          0,
          0,
          null,
          0,
          0,
          0,
          0
        ],
        "branches": {}
      },
      "C:/Users/Zeus/Desktop/ROR PROJECTS/SANGAM-API/app/blueprints/user_interaction_blueprint.rb": {
        "lines": [
          0,
          0,
          null,
          0,
          0,
          0,
          0
        ],
        "branches": {}
      },
      "C:/Users/Zeus/Desktop/ROR PROJECTS/SANGAM-API/app/blueprints/user_tag_affinity_blueprint.rb": {
        "lines": [
          0,
          0,
          null,
          0,
          0,
          0,
          0
        ],
        "branches": {}
      },
      "C:/Users/Zeus/Desktop/ROR PROJECTS/SANGAM-API/app/channels/application_cable/connection.rb": {
        "lines": [
          0,
          0,
          0,
          null,
          0,
          0,
          0,
          0,
          0,
          null,
          0,
          0,
          0,
          0,
          0,
          null,
          0,
          null,
          0,
          0,
          0,
          0,
          0,
          0,
          0,
          0,
          0,
          null,
          0,
          0,
          0,
          0,
          null,
          0,
          0,
          0,
          0,
          0,
          0,
          0,
          0,
          0,
          0,
          0,
          0,
          0
        ],
        "branches": {}
      },
      "C:/Users/Zeus/Desktop/ROR PROJECTS/SANGAM-API/app/channels/conversation_channel.rb": {
        "lines": [
          0,
          0,
          0,
          null,
          0,
          0,
          null,
          0,
          null,
          0,
          0,
          0,
          0,
          0,
          null,
          0,
          0,
          0,
          null,
          0,
          0,
          0,
          null,
          0,
          0,
          0,
          0,
          0,
          0,
          0,
          0,
          0,
          0,
          null,
          0,
          0,
          0,
          null,
          0,
          0,
          0,
          null,
          0,
          0,
          0,
          null,
          0,
          0,
          0,
          0,
          0,
          0,
          0,
          0,
          0,
          0,
          0,
          0,
          null,
          0,
          null,
          0,
          0,
          0,
          0,
          null,
          0,
          0,
          0,
          0,
          0,
          0,
          0,
          0,
          0,
          0,
          0
        ],
        "branches": {}
      },
      "C:/Users/Zeus/Desktop/ROR PROJECTS/SANGAM-API/app/channels/group_chat_channel.rb": {
        "lines": [
          0,
          0,
          0,
          null,
          0,
          0,
          0,
          0,
          0,
          0,
          null,
          0,
          0,
          0,
          null,
          0,
          0,
          0,
          null,
          0,
          0,
          0,
          0,
          0,
          0,
          0,
          0,
          0,
          0,
          0
        ],
        "branches": {}
      },
      "C:/Users/Zeus/Desktop/ROR PROJECTS/SANGAM-API/app/channels/user_chat_channel.rb": {
        "lines": [
          0,
          0,
          0,
          0,
          null,
          0,
          0,
          0,
          0
        ],
        "branches": {}
      },
      "C:/Users/Zeus/Desktop/ROR PROJECTS/SANGAM-API/app/controllers/api/application_controller.rb": {
        "lines": [
          0,
          0,
          0,
          null,
          0,
          null,
          null,
          0,
          0,
          0,
          0,
          0
        ],
        "branches": {}
      },
      "C:/Users/Zeus/Desktop/ROR PROJECTS/SANGAM-API/app/controllers/api/homes_controller.rb": {
        "lines": [
          0,
          0,
          0,
          null,
          0,
          0,
          0,
          0,
          0
        ],
        "branches": {}
      },
      "C:/Users/Zeus/Desktop/ROR PROJECTS/SANGAM-API/app/jobs/ai_chat_response_job.rb": {
        "lines": [
          0,
          0,
          null,
          0,
          0,
          0,
          null,
          0,
          0,
          null,
          null,
          0,
          null,
          0,
          0,
          0,
          0,
          0,
          null,
          0,
          0,
          null,
          0,
          null,
          0,
          0,
          0,
          null,
          0,
          0,
          0,
          0,
          null,
          0,
          0,
          null,
          0,
          null,
          0,
          0,
          0,
          0,
          null,
          0,
          0,
          0,
          0,
          0,
          null,
          0,
          0,
          0,
          null,
          null,
          0,
          0,
          0,
          null,
          0,
          null,
          0,
          0,
          null,
          0,
          0,
          null,
          0,
          0,
          0,
          0,
          null,
          0,
          0,
          0,
          0,
          0,
          null,
          0,
          0,
          0,
          0,
          null,
          0,
          0,
          0,
          null,
          0,
          null,
          0,
          null,
          null,
          0,
          null,
          0,
          0,
          0,
          0,
          0,
          0,
          0,
          0,
          0,
          0,
          0,
          0,
          0,
          0
        ],
        "branches": {}
      },
      "C:/Users/Zeus/Desktop/ROR PROJECTS/SANGAM-API/app/jobs/birthday_notification_job.rb": {
        "lines": [
          null,
          0,
          0,
          null,
          0,
          0,
          null,
          0,
          0,
          0,
          0,
          null,
          0,
          null,
          0,
          null,
          0,
          0,
          0,
          0,
          0,
          null,
          0,
          0,
          0,
          0,
          0,
          0,
          0,
          0,
          null,
          0,
          0,
          0
        ],
        "branches": {}
      },
      "C:/Users/Zeus/Desktop/ROR PROJECTS/SANGAM-API/app/jobs/decay_user_affinities_job.rb": {
        "lines": [
          0,
          0,
          null,
          0,
          null,
          0,
          0,
          0
        ],
        "branches": {}
      },
      "C:/Users/Zeus/Desktop/ROR PROJECTS/SANGAM-API/app/jobs/event_reminder_job.rb": {
        "lines": [
          null,
          0,
          0,
          null,
          0,
          null,
          0,
          0,
          0,
          0,
          null,
          0,
          null,
          0,
          0,
          0,
          0,
          0,
          0,
          0,
          0,
          0,
          0,
          0,
          0,
          null,
          0,
          0,
          0
        ],
        "branches": {}
      },
      "C:/Users/Zeus/Desktop/ROR PROJECTS/SANGAM-API/app/jobs/poll_expiry_job.rb": {
        "lines": [
          null,
          null,
          0,
          0,
          null,
          null,
          0,
          null,
          0,
          0,
          0,
          0,
          null,
          0,
          0,
          0,
          0
        ],
        "branches": {}
      },
      "C:/Users/Zeus/Desktop/ROR PROJECTS/SANGAM-API/app/services/ai_article_assistant_service.rb": {
        "lines": [
          0,
          0,
          0,
          null,
          0,
          0,
          0,
          0,
          null,
          0,
          0,
          null,
          0,
          null,
          0,
          0,
          0,
          0,
          0,
          0,
          0,
          0,
          0,
          0,
          null,
          0,
          0,
          0,
          0,
          null,
          0,
          0,
          0,
          0,
          0,
          0,
          null,
          0,
          0,
          0,
          null,
          0,
          0,
          0,
          null,
          0,
          0,
          0,
          null,
          null,
          0,
          null,
          0,
          0,
          0,
          0,
          0,
          0,
          0,
          0,
          0,
          0
        ],
        "branches": {}
      },
      "C:/Users/Zeus/Desktop/ROR PROJECTS/SANGAM-API/app/services/ai_caption_generator_service.rb": {
        "lines": [
          0,
          0,
          0,
          0,
          null,
          0,
          0,
          0,
          0,
          null,
          0,
          0,
          null,
          0,
          null,
          0,
          0,
          0,
          null,
          0,
          0,
          0,
          0,
          0,
          0,
          0,
          0,
          0,
          0,
          0,
          0,
          0,
          0,
          0,
          null,
          0,
          0,
          0,
          0,
          null,
          0,
          0,
          0,
          0,
          0,
          0,
          null,
          0,
          0,
          0,
          null,
          0,
          0,
          0,
          null,
          0,
          0,
          0,
          null,
          0,
          0,
          0,
          0,
          0,
          0,
          0,
          0,
          0,
          0,
          0
        ],
        "branches": {}
      },
      "C:/Users/Zeus/Desktop/ROR PROJECTS/SANGAM-API/app/services/ai_marketplace_auto_fill_service.rb": {
        "lines": [
          0,
          0,
          0,
          null,
          0,
          0,
          0,
          0,
          null,
          0,
          0,
          null,
          0,
          null,
          0,
          0,
          0,
          0,
          0,
          0,
          0,
          0,
          0,
          null,
          0,
          0,
          0,
          0,
          null,
          0,
          0,
          0,
          0,
          0,
          0,
          null,
          0,
          0,
          0,
          null,
          0,
          0,
          0,
          null,
          0,
          0,
          0,
          null,
          null,
          0,
          null,
          0,
          0,
          0,
          0,
          0,
          0,
          0,
          0,
          0,
          0,
          0,
          0,
          0,
          0,
          0,
          0
        ],
        "branches": {}
      },
      "C:/Users/Zeus/Desktop/ROR PROJECTS/SANGAM-API/app/services/ai_message_rewriter_service.rb": {
        "lines": [
          0,
          0,
          0,
          null,
          0,
          0,
          0,
          0,
          0,
          null,
          0,
          0,
          null,
          0,
          0,
          null,
          0,
          0,
          0,
          0,
          0,
          0,
          0,
          0,
          0,
          0,
          null,
          0,
          0,
          0,
          0,
          null,
          0,
          0,
          0,
          0,
          0,
          0,
          null,
          0,
          0,
          0,
          null,
          0,
          0,
          0,
          null,
          0,
          0,
          0,
          0,
          0,
          0,
          0,
          0,
          0,
          0,
          0,
          0,
          0
        ],
        "branches": {}
      },
      "C:/Users/Zeus/Desktop/ROR PROJECTS/SANGAM-API/app/services/ai_search_service.rb": {
        "lines": [
          0,
          0,
          0,
          null,
          0,
          0,
          null,
          0,
          0,
          0,
          0,
          null,
          0,
          0,
          null,
          null,
          0,
          0,
          0,
          0,
          null,
          0,
          0,
          0,
          0,
          0,
          null,
          0,
          null,
          0,
          null,
          0,
          0,
          0,
          0,
          0,
          null,
          0,
          null,
          null,
          0,
          0,
          0,
          0,
          0,
          0,
          0,
          0,
          0,
          0,
          0,
          0,
          0,
          0,
          0,
          0,
          0,
          0,
          0,
          0,
          0,
          0,
          0,
          0,
          0,
          0,
          0,
          0,
          0,
          0,
          0,
          0,
          0,
          0,
          0,
          0,
          0,
          0,
          0,
          0,
          0,
          0,
          0,
          0,
          0,
          0,
          0,
          0,
          0,
          0,
          0,
          0,
          0,
          0,
          0,
          0,
          0,
          null,
          null,
          0,
          null,
          0,
          0,
          0,
          0,
          null,
          0,
          0,
          0,
          0,
          null,
          0,
          0,
          0,
          0,
          null,
          0,
          0,
          0,
          0,
          null,
          0,
          0,
          0,
          0,
          null,
          0,
          0,
          0,
          0,
          null,
          0,
          0,
          0,
          null,
          0,
          0,
          0,
          null,
          0,
          null,
          null,
          0,
          null,
          0,
          0,
          0,
          0,
          0,
          0,
          0,
          0,
          null,
          0,
          0,
          null,
          0,
          0,
          0,
          0,
          0,
          0,
          0,
          0,
          null,
          0,
          0,
          null,
          0,
          0,
          0,
          0,
          null,
          0,
          0,
          0,
          0,
          0,
          0,
          0,
          0,
          0,
          0,
          null,
          0,
          null,
          0,
          0,
          0,
          null,
          0,
          0,
          0,
          0,
          0,
          0,
          0,
          0,
          0,
          0,
          0,
          0,
          0
        ],
        "branches": {}
      },
      "C:/Users/Zeus/Desktop/ROR PROJECTS/SANGAM-API/app/services/ai_smart_reply_service.rb": {
        "lines": [
          0,
          0,
          0,
          null,
          0,
          0,
          0,
          0,
          null,
          0,
          0,
          null,
          0,
          null,
          0,
          0,
          0,
          0,
          0,
          0,
          0,
          0,
          0,
          0,
          null,
          0,
          0,
          0,
          0,
          null,
          0,
          0,
          0,
          0,
          0,
          0,
          null,
          0,
          0,
          0,
          null,
          0,
          0,
          0,
          null,
          0,
          0,
          0,
          null,
          null,
          0,
          null,
          0,
          0,
          null,
          null,
          0,
          0,
          0,
          0,
          0,
          null,
          0,
          0,
          0,
          0,
          0,
          0,
          0,
          0,
          0,
          0,
          0,
          0,
          0,
          0
        ],
        "branches": {}
      },
      "C:/Users/Zeus/Desktop/ROR PROJECTS/SANGAM-API/app/services/feed_ranking_service.rb": {
        "lines": [
          0,
          null,
          0,
          0,
          0,
          0,
          0,
          0,
          0,
          null,
          0,
          0,
          0,
          null,
          0,
          null,
          0,
          0,
          null,
          0,
          0,
          0,
          0,
          0,
          0,
          0,
          0,
          null,
          0,
          0,
          0,
          null,
          null,
          null,
          null,
          null,
          0,
          null,
          null,
          0,
          0,
          0,
          null,
          0,
          0,
          0,
          0,
          null,
          null,
          0,
          null,
          null,
          0,
          null,
          null,
          0,
          0,
          null,
          null,
          0,
          0,
          null,
          0,
          0,
          0,
          0,
          0,
          0,
          0,
          0,
          null,
          0,
          0,
          null,
          0,
          null,
          0,
          0,
          0,
          null,
          0,
          null,
          null,
          0,
          0,
          null,
          0,
          0,
          0,
          0,
          0,
          null,
          0,
          null,
          0,
          0,
          0,
          0,
          0,
          null,
          0,
          null,
          null,
          0,
          0,
          0,
          0,
          null,
          null,
          0,
          0,
          null,
          null,
          0,
          0,
          0,
          0,
          0,
          0,
          0,
          0,
          null,
          null,
          0,
          null,
          0,
          0,
          0,
          0,
          0,
          null,
          0,
          0,
          null,
          0,
          null,
          0,
          0,
          0,
          null,
          0,
          0,
          null,
          0,
          0,
          0,
          0,
          0,
          0,
          null,
          0,
          0,
          0,
          null,
          0,
          0,
          null,
          0,
          0,
          0
        ],
        "branches": {}
      }
    },
    "timestamp": 1782717146
  }
}
